{"/Users/Shared/code/node-mock/index.js": {"path":"/Users/Shared/code/node-mock/index.js","statementMap":{"0":{"start":{"line":1,"column":16},"end":{"line":1,"column":34}},"1":{"start":{"line":2,"column":20},"end":{"line":2,"column":45}},"2":{"start":{"line":7,"column":12},"end":{"line":7,"column":21}},"3":{"start":{"line":9,"column":0},"end":{"line":9,"column":28}},"4":{"start":{"line":11,"column":0},"end":{"line":14,"column":2}},"5":{"start":{"line":12,"column":2},"end":{"line":12,"column":61}}},"fnMap":{"0":{"name":"(anonymous_0)","decl":{"start":{"line":11,"column":29},"end":{"line":11,"column":30}},"loc":{"start":{"line":11,"column":35},"end":{"line":13,"column":1}},"line":11}},"branchMap":{},"s":{"0":0,"1":0,"2":0,"3":0,"4":0,"5":0},"f":{"0":0},"b":{}}
,"/Users/Shared/code/node-mock/lib/dbHelper.js": {"path":"/Users/Shared/code/node-mock/lib/dbHelper.js","statementMap":{"0":{"start":{"line":1,"column":12},"end":{"line":1,"column":28}},"1":{"start":{"line":2,"column":27},"end":{"line":2,"column":48}},"2":{"start":{"line":4,"column":0},"end":{"line":4,"column":27}},"3":{"start":{"line":6,"column":15},"end":{"line":15,"column":1}},"4":{"start":{"line":17,"column":22},"end":{"line":24,"column":2}},"5":{"start":{"line":18,"column":15},"end":{"line":18,"column":45}},"6":{"start":{"line":19,"column":2},"end":{"line":22,"column":5}},"7":{"start":{"line":20,"column":4},"end":{"line":20,"column":64}},"8":{"start":{"line":23,"column":2},"end":{"line":23,"column":24}},"9":{"start":{"line":28,"column":13},"end":{"line":28,"column":15}},"10":{"start":{"line":30,"column":2},"end":{"line":38,"column":3}},"11":{"start":{"line":30,"column":15},"end":{"line":30,"column":16}},"12":{"start":{"line":31,"column":4},"end":{"line":33,"column":5}},"13":{"start":{"line":32,"column":6},"end":{"line":32,"column":58}},"14":{"start":{"line":34,"column":4},"end":{"line":34,"column":60}},"15":{"start":{"line":35,"column":4},"end":{"line":37,"column":24}},"16":{"start":{"line":40,"column":2},"end":{"line":40,"column":14}},"17":{"start":{"line":44,"column":2},"end":{"line":65,"column":7}},"18":{"start":{"line":47,"column":17},"end":{"line":47,"column":54}},"19":{"start":{"line":48,"column":17},"end":{"line":48,"column":72}},"20":{"start":{"line":50,"column":6},"end":{"line":60,"column":9}},"21":{"start":{"line":51,"column":8},"end":{"line":59,"column":13}},"22":{"start":{"line":53,"column":12},"end":{"line":53,"column":47}},"23":{"start":{"line":55,"column":12},"end":{"line":55,"column":26}},"24":{"start":{"line":58,"column":12},"end":{"line":58,"column":27}},"25":{"start":{"line":63,"column":6},"end":{"line":63,"column":46}},"26":{"start":{"line":64,"column":6},"end":{"line":64,"column":16}},"27":{"start":{"line":69,"column":2},"end":{"line":76,"column":3}},"28":{"start":{"line":71,"column":23},"end":{"line":71,"column":52}},"29":{"start":{"line":72,"column":24},"end":{"line":72,"column":55}},"30":{"start":{"line":73,"column":4},"end":{"line":73,"column":30}},"31":{"start":{"line":75,"column":4},"end":{"line":75,"column":14}},"32":{"start":{"line":78,"column":2},"end":{"line":114,"column":3}},"33":{"start":{"line":80,"column":18},"end":{"line":80,"column":20}},"34":{"start":{"line":81,"column":23},"end":{"line":81,"column":27}},"35":{"start":{"line":85,"column":4},"end":{"line":104,"column":5}},"36":{"start":{"line":86,"column":32},"end":{"line":86,"column":70}},"37":{"start":{"line":87,"column":17},"end":{"line":87,"column":105}},"38":{"start":{"line":88,"column":6},"end":{"line":88,"column":55}},"39":{"start":{"line":90,"column":6},"end":{"line":103,"column":7}},"40":{"start":{"line":91,"column":21},"end":{"line":91,"column":58}},"41":{"start":{"line":92,"column":8},"end":{"line":92,"column":39}},"42":{"start":{"line":94,"column":8},"end":{"line":100,"column":9}},"43":{"start":{"line":95,"column":10},"end":{"line":98,"column":12}},"44":{"start":{"line":102,"column":8},"end":{"line":102,"column":44}},"45":{"start":{"line":107,"column":4},"end":{"line":107,"column":31}},"46":{"start":{"line":108,"column":4},"end":{"line":108,"column":19}},"47":{"start":{"line":111,"column":4},"end":{"line":111,"column":33}},"48":{"start":{"line":112,"column":4},"end":{"line":112,"column":70}},"49":{"start":{"line":113,"column":4},"end":{"line":113,"column":14}},"50":{"start":{"line":117,"column":0},"end":{"line":120,"column":2}}},"fnMap":{"0":{"name":"(anonymous_0)","decl":{"start":{"line":17,"column":37},"end":{"line":17,"column":38}},"loc":{"start":{"line":17,"column":45},"end":{"line":24,"column":1}},"line":17},"1":{"name":"(anonymous_1)","decl":{"start":{"line":19,"column":19},"end":{"line":19,"column":20}},"loc":{"start":{"line":19,"column":28},"end":{"line":22,"column":3}},"line":19},"2":{"name":"getPreparedStatementInputs","decl":{"start":{"line":27,"column":9},"end":{"line":27,"column":35}},"loc":{"start":{"line":27,"column":88},"end":{"line":41,"column":1}},"line":27},"3":{"name":"preparedStatement","decl":{"start":{"line":43,"column":9},"end":{"line":43,"column":26}},"loc":{"start":{"line":43,"column":71},"end":{"line":66,"column":1}},"line":43},"4":{"name":"(anonymous_4)","decl":{"start":{"line":45,"column":10},"end":{"line":45,"column":11}},"loc":{"start":{"line":45,"column":26},"end":{"line":61,"column":5}},"line":45},"5":{"name":"(anonymous_5)","decl":{"start":{"line":50,"column":40},"end":{"line":50,"column":41}},"loc":{"start":{"line":50,"column":46},"end":{"line":60,"column":7}},"line":50},"6":{"name":"(anonymous_6)","decl":{"start":{"line":52,"column":16},"end":{"line":52,"column":17}},"loc":{"start":{"line":52,"column":28},"end":{"line":56,"column":11}},"line":52},"7":{"name":"(anonymous_7)","decl":{"start":{"line":57,"column":19},"end":{"line":57,"column":20}},"loc":{"start":{"line":57,"column":25},"end":{"line":59,"column":11}},"line":57},"8":{"name":"(anonymous_8)","decl":{"start":{"line":62,"column":11},"end":{"line":62,"column":12}},"loc":{"start":{"line":62,"column":20},"end":{"line":65,"column":5}},"line":62},"9":{"name":"runTransaction","decl":{"start":{"line":68,"column":15},"end":{"line":68,"column":29}},"loc":{"start":{"line":68,"column":67},"end":{"line":115,"column":1}},"line":68}},"branchMap":{"0":{"loc":{"start":{"line":30,"column":18},"end":{"line":30,"column":45}},"type":"binary-expr","locations":[{"start":{"line":30,"column":18},"end":{"line":30,"column":24}},{"start":{"line":30,"column":28},"end":{"line":30,"column":45}}],"line":30},"1":{"loc":{"start":{"line":31,"column":4},"end":{"line":33,"column":5}},"type":"if","locations":[{"start":{"line":31,"column":4},"end":{"line":33,"column":5}},{"start":{},"end":{}}],"line":31},"2":{"loc":{"start":{"line":35,"column":27},"end":{"line":37,"column":23}},"type":"cond-expr","locations":[{"start":{"line":36,"column":8},"end":{"line":36,"column":26}},{"start":{"line":37,"column":8},"end":{"line":37,"column":23}}],"line":35},"3":{"loc":{"start":{"line":35,"column":27},"end":{"line":35,"column":148}},"type":"binary-expr","locations":[{"start":{"line":35,"column":27},"end":{"line":35,"column":56}},{"start":{"line":35,"column":60},"end":{"line":35,"column":81}},{"start":{"line":35,"column":85},"end":{"line":35,"column":148}}],"line":35},"4":{"loc":{"start":{"line":94,"column":8},"end":{"line":100,"column":9}},"type":"if","locations":[{"start":{"line":94,"column":8},"end":{"line":100,"column":9}},{"start":{},"end":{}}],"line":94}},"s":{"0":0,"1":0,"2":0,"3":0,"4":0,"5":0,"6":0,"7":0,"8":0,"9":0,"10":0,"11":0,"12":0,"13":0,"14":0,"15":0,"16":0,"17":0,"18":0,"19":0,"20":0,"21":0,"22":0,"23":0,"24":0,"25":0,"26":0,"27":0,"28":0,"29":0,"30":0,"31":0,"32":0,"33":0,"34":0,"35":0,"36":0,"37":0,"38":0,"39":0,"40":0,"41":0,"42":0,"43":0,"44":0,"45":0,"46":0,"47":0,"48":0,"49":0,"50":0},"f":{"0":0,"1":0,"2":0,"3":0,"4":0,"5":0,"6":0,"7":0,"8":0,"9":0},"b":{"0":[0,0],"1":[0,0],"2":[0,0],"3":[0,0,0],"4":[0,0]}}
,"/Users/Shared/code/node-mock/lib/memoized.js": {"path":"/Users/Shared/code/node-mock/lib/memoized.js","statementMap":{"0":{"start":{"line":1,"column":10},"end":{"line":1,"column":27}},"1":{"start":{"line":3,"column":20},"end":{"line":3,"column":73}},"2":{"start":{"line":3,"column":33},"end":{"line":3,"column":73}},"3":{"start":{"line":6,"column":19},"end":{"line":14,"column":3}},"4":{"start":{"line":8,"column":6},"end":{"line":11,"column":9}},"5":{"start":{"line":9,"column":8},"end":{"line":9,"column":47}},"6":{"start":{"line":10,"column":8},"end":{"line":10,"column":16}},"7":{"start":{"line":16,"column":2},"end":{"line":16,"column":18}},"8":{"start":{"line":20,"column":2},"end":{"line":20,"column":46}},"9":{"start":{"line":24,"column":2},"end":{"line":32,"column":3}},"10":{"start":{"line":25,"column":4},"end":{"line":28,"column":6}},"11":{"start":{"line":26,"column":6},"end":{"line":26,"column":64}},"12":{"start":{"line":26,"column":46},"end":{"line":26,"column":62}},"13":{"start":{"line":27,"column":6},"end":{"line":27,"column":47}},"14":{"start":{"line":29,"column":4},"end":{"line":29,"column":35}},"15":{"start":{"line":31,"column":4},"end":{"line":31,"column":37}},"16":{"start":{"line":36,"column":2},"end":{"line":42,"column":3}},"17":{"start":{"line":37,"column":4},"end":{"line":37,"column":21}},"18":{"start":{"line":38,"column":9},"end":{"line":42,"column":3}},"19":{"start":{"line":39,"column":4},"end":{"line":39,"column":27}},"20":{"start":{"line":41,"column":4},"end":{"line":41,"column":24}},"21":{"start":{"line":45,"column":0},"end":{"line":50,"column":2}}},"fnMap":{"0":{"name":"(anonymous_0)","decl":{"start":{"line":3,"column":20},"end":{"line":3,"column":21}},"loc":{"start":{"line":3,"column":33},"end":{"line":3,"column":73}},"line":3},"1":{"name":"memoizePromise","decl":{"start":{"line":5,"column":9},"end":{"line":5,"column":23}},"loc":{"start":{"line":5,"column":36},"end":{"line":17,"column":1}},"line":5},"2":{"name":"(anonymous_2)","decl":{"start":{"line":7,"column":4},"end":{"line":7,"column":5}},"loc":{"start":{"line":7,"column":23},"end":{"line":12,"column":5}},"line":7},"3":{"name":"(anonymous_3)","decl":{"start":{"line":8,"column":65},"end":{"line":8,"column":66}},"loc":{"start":{"line":8,"column":70},"end":{"line":11,"column":7}},"line":8},"4":{"name":"deleteMemoizedEntry","decl":{"start":{"line":19,"column":9},"end":{"line":19,"column":28}},"loc":{"start":{"line":19,"column":48},"end":{"line":21,"column":1}},"line":19},"5":{"name":"addMemoizedReset","decl":{"start":{"line":23,"column":9},"end":{"line":23,"column":25}},"loc":{"start":{"line":23,"column":43},"end":{"line":33,"column":1}},"line":23},"6":{"name":"(anonymous_6)","decl":{"start":{"line":25,"column":21},"end":{"line":25,"column":22}},"loc":{"start":{"line":25,"column":27},"end":{"line":28,"column":5}},"line":25},"7":{"name":"(anonymous_7)","decl":{"start":{"line":26,"column":37},"end":{"line":26,"column":38}},"loc":{"start":{"line":26,"column":46},"end":{"line":26,"column":62}},"line":26},"8":{"name":"resetMemoized","decl":{"start":{"line":35,"column":9},"end":{"line":35,"column":22}},"loc":{"start":{"line":35,"column":33},"end":{"line":43,"column":1}},"line":35}},"branchMap":{"0":{"loc":{"start":{"line":3,"column":33},"end":{"line":3,"column":73}},"type":"cond-expr","locations":[{"start":{"line":3,"column":47},"end":{"line":3,"column":61}},{"start":{"line":3,"column":64},"end":{"line":3,"column":73}}],"line":3},"1":{"loc":{"start":{"line":24,"column":2},"end":{"line":32,"column":3}},"type":"if","locations":[{"start":{"line":24,"column":2},"end":{"line":32,"column":3}},{"start":{"line":30,"column":9},"end":{"line":32,"column":3}}],"line":24},"2":{"loc":{"start":{"line":26,"column":46},"end":{"line":26,"column":62}},"type":"binary-expr","locations":[{"start":{"line":26,"column":46},"end":{"line":26,"column":51}},{"start":{"line":26,"column":55},"end":{"line":26,"column":62}}],"line":26},"3":{"loc":{"start":{"line":27,"column":6},"end":{"line":27,"column":46}},"type":"binary-expr","locations":[{"start":{"line":27,"column":6},"end":{"line":27,"column":20}},{"start":{"line":27,"column":24},"end":{"line":27,"column":46}}],"line":27},"4":{"loc":{"start":{"line":36,"column":2},"end":{"line":42,"column":3}},"type":"if","locations":[{"start":{"line":36,"column":2},"end":{"line":42,"column":3}},{"start":{"line":38,"column":9},"end":{"line":42,"column":3}}],"line":36},"5":{"loc":{"start":{"line":38,"column":9},"end":{"line":42,"column":3}},"type":"if","locations":[{"start":{"line":38,"column":9},"end":{"line":42,"column":3}},{"start":{"line":40,"column":9},"end":{"line":42,"column":3}}],"line":38}},"s":{"0":0,"1":0,"2":0,"3":0,"4":0,"5":0,"6":0,"7":0,"8":0,"9":0,"10":0,"11":0,"12":0,"13":0,"14":0,"15":0,"16":0,"17":0,"18":0,"19":0,"20":0,"21":0},"f":{"0":0,"1":0,"2":0,"3":0,"4":0,"5":0,"6":0,"7":0,"8":0},"b":{"0":[0,0],"1":[0,0],"2":[0,0],"3":[0,0],"4":[0,0],"5":[0,0]}}
,"/Users/Shared/code/node-mock/lib/userHelper.js": {"path":"/Users/Shared/code/node-mock/lib/userHelper.js","statementMap":{"0":{"start":{"line":1,"column":15},"end":{"line":1,"column":38}},"1":{"start":{"line":4,"column":2},"end":{"line":7,"column":6}},"2":{"start":{"line":6,"column":6},"end":{"line":6,"column":21}},"3":{"start":{"line":10,"column":0},"end":{"line":12,"column":2}}},"fnMap":{"0":{"name":"getUsers","decl":{"start":{"line":3,"column":9},"end":{"line":3,"column":17}},"loc":{"start":{"line":3,"column":39},"end":{"line":8,"column":1}},"line":3},"1":{"name":"(anonymous_1)","decl":{"start":{"line":5,"column":10},"end":{"line":5,"column":11}},"loc":{"start":{"line":5,"column":20},"end":{"line":7,"column":5}},"line":5}},"branchMap":{},"s":{"0":0,"1":0,"2":0,"3":0},"f":{"0":0,"1":0},"b":{}}
,"/Users/Shared/code/node-mock/lib/db/user.db.js": {"path":"/Users/Shared/code/node-mock/lib/db/user.db.js","statementMap":{"0":{"start":{"line":2,"column":17},"end":{"line":2,"column":39}},"1":{"start":{"line":5,"column":16},"end":{"line":5,"column":37}},"2":{"start":{"line":6,"column":2},"end":{"line":14,"column":3}},"3":{"start":{"line":7,"column":18},"end":{"line":10,"column":6}},"4":{"start":{"line":11,"column":4},"end":{"line":11,"column":27}},"5":{"start":{"line":13,"column":4},"end":{"line":13,"column":14}},"6":{"start":{"line":17,"column":0},"end":{"line":19,"column":2}}},"fnMap":{"0":{"name":"getUsers","decl":{"start":{"line":4,"column":15},"end":{"line":4,"column":23}},"loc":{"start":{"line":4,"column":34},"end":{"line":15,"column":1}},"line":4}},"branchMap":{},"s":{"0":0,"1":0,"2":0,"3":0,"4":0,"5":0,"6":0},"f":{"0":0},"b":{}}
,"/Users/Shared/code/node-mock/routes/sqldb.js": {"path":"/Users/Shared/code/node-mock/routes/sqldb.js","statementMap":{"0":{"start":{"line":1,"column":16},"end":{"line":1,"column":34}},"1":{"start":{"line":2,"column":15},"end":{"line":2,"column":31}},"2":{"start":{"line":4,"column":13},"end":{"line":4,"column":34}},"3":{"start":{"line":8,"column":0},"end":{"line":8,"column":36}},"4":{"start":{"line":11,"column":0},"end":{"line":11,"column":24}}},"fnMap":{},"branchMap":{},"s":{"0":0,"1":0,"2":0,"3":0,"4":0},"f":{},"b":{}}
,"/Users/Shared/code/node-mock/routes/api/user/index.js": {"path":"/Users/Shared/code/node-mock/routes/api/user/index.js","statementMap":{"0":{"start":{"line":1,"column":19},"end":{"line":1,"column":55}},"1":{"start":{"line":4,"column":2},"end":{"line":6,"column":5}},"2":{"start":{"line":5,"column":4},"end":{"line":5,"column":19}},"3":{"start":{"line":9,"column":0},"end":{"line":11,"column":2}}},"fnMap":{"0":{"name":"getUsers","decl":{"start":{"line":3,"column":9},"end":{"line":3,"column":17}},"loc":{"start":{"line":3,"column":34},"end":{"line":7,"column":1}},"line":3},"1":{"name":"(anonymous_1)","decl":{"start":{"line":4,"column":37},"end":{"line":4,"column":38}},"loc":{"start":{"line":4,"column":47},"end":{"line":6,"column":3}},"line":4}},"branchMap":{},"s":{"0":0,"1":0,"2":0,"3":0},"f":{"0":0,"1":0},"b":{}}
}
