TN:
SF:lib/dbHelper.js
FN:17,(anonymous_0)
FN:19,(anonymous_1)
FN:27,getPreparedStatementInputs
FN:43,preparedStatement
FN:45,(anonymous_4)
FN:50,(anonymous_5)
FN:52,(anonymous_6)
FN:57,(anonymous_7)
FN:62,(anonymous_8)
FN:68,runTransaction
FNF:10
FNH:2
FNDA:1,(anonymous_0)
FNDA:0,(anonymous_1)
FNDA:3,getPreparedStatementInputs
FNDA:0,preparedStatement
FNDA:0,(anonymous_4)
FNDA:0,(anonymous_5)
FNDA:0,(anonymous_6)
FNDA:0,(anonymous_7)
FNDA:0,(anonymous_8)
FNDA:0,runTransaction
DA:1,1
DA:2,1
DA:4,1
DA:6,1
DA:17,1
DA:18,1
DA:19,1
DA:23,1
DA:28,3
DA:30,3
DA:31,2
DA:34,2
DA:35,2
DA:40,3
DA:44,0
DA:47,0
DA:48,0
DA:50,0
DA:51,0
DA:55,0
DA:58,0
DA:64,0
DA:69,0
DA:71,0
DA:72,0
DA:73,0
DA:75,0
DA:78,0
DA:80,0
DA:81,0
DA:85,0
DA:86,0
DA:87,0
DA:88,0
DA:90,0
DA:91,0
DA:92,0
DA:94,0
DA:95,0
DA:102,0
DA:107,0
DA:108,0
DA:111,0
DA:113,0
DA:117,1
LF:45
LH:15
BRDA:30,0,0,5
BRDA:30,0,1,5
BRDA:31,1,0,2
BRDA:31,1,1,0
BRDA:35,2,0,0
BRDA:35,2,1,2
BRDA:35,3,0,2
BRDA:35,3,1,0
BRDA:35,3,2,0
BRDA:94,4,0,0
BRDA:94,4,1,0
BRF:11
BRH:5
end_of_record
TN:
SF:lib/memoized.js
FN:3,(anonymous_0)
FN:5,memoizePromise
FN:7,(anonymous_2)
FN:8,(anonymous_3)
FN:19,deleteMemoizedEntry
FN:23,addMemoizedReset
FN:25,(anonymous_6)
FN:26,(anonymous_7)
FN:35,resetMemoized
FNF:9
FNH:9
FNDA:8,(anonymous_0)
FNDA:7,memoizePromise
FNDA:5,(anonymous_2)
FNDA:1,(anonymous_3)
FNDA:2,deleteMemoizedEntry
FNDA:1,addMemoizedReset
FNDA:1,(anonymous_6)
FNDA:1,(anonymous_7)
FNDA:2,resetMemoized
DA:1,1
DA:3,8
DA:6,7
DA:8,5
DA:9,1
DA:10,1
DA:16,7
DA:20,2
DA:24,1
DA:25,1
DA:26,1
DA:27,1
DA:29,1
DA:31,0
DA:36,2
DA:37,0
DA:38,2
DA:39,1
DA:41,1
DA:45,1
LF:20
LH:18
BRDA:3,0,0,7
BRDA:3,0,1,1
BRDA:24,1,0,1
BRDA:24,1,1,0
BRDA:26,2,0,1
BRDA:26,2,1,1
BRDA:27,3,0,1
BRDA:27,3,1,1
BRDA:36,4,0,0
BRDA:36,4,1,2
BRDA:38,5,0,1
BRDA:38,5,1,1
BRF:12
BRH:10
end_of_record
TN:
SF:lib/userHelper.js
FN:3,getUsers
FN:5,(anonymous_1)
FN:7,(anonymous_2)
FN:12,getUser
FN:14,(anonymous_4)
FN:16,(anonymous_5)
FNF:6
FNH:2
FNDA:1,getUsers
FNDA:1,(anonymous_1)
FNDA:0,(anonymous_2)
FNDA:0,getUser
FNDA:0,(anonymous_4)
FNDA:0,(anonymous_5)
DA:1,1
DA:4,1
DA:6,1
DA:8,0
DA:13,0
DA:15,0
DA:17,0
DA:21,1
LF:8
LH:4
BRF:0
BRH:0
end_of_record
TN:
SF:lib/db/user.db.js
FN:4,getUsers
FN:17,getUser
FNF:2
FNH:1
FNDA:2,getUsers
FNDA:0,getUser
DA:2,1
DA:5,2
DA:6,2
DA:7,2
DA:11,1
DA:13,1
DA:18,0
DA:19,0
DA:20,0
DA:21,0
DA:25,0
DA:27,0
DA:30,1
LF:13
LH:7
BRF:0
BRH:0
end_of_record
TN:
SF:routes/sqldb.js
FNF:0
FNH:0
DA:1,0
DA:2,0
DA:4,0
DA:8,0
DA:9,0
DA:12,0
LF:6
LH:0
BRF:0
BRH:0
end_of_record
TN:
SF:routes/api/user/index.js
FN:3,getUsers
FN:4,(anonymous_1)
FN:9,getUser
FN:10,(anonymous_3)
FNF:4
FNH:4
FNDA:2,getUsers
FNDA:2,(anonymous_1)
FNDA:2,getUser
FNDA:2,(anonymous_3)
DA:1,1
DA:4,2
DA:5,2
DA:10,2
DA:11,2
DA:15,1
LF:6
LH:6
BRF:0
BRH:0
end_of_record
